X,Y co-ordinates of defining points in meters:
0.0000 0.0000
0.5600 0.0000
0.5600 0.3000
0.0000 0.3000
X,Y co-ordinates of defining points in pixels:
 73.3300  89.6700
669.3300  73.0000
680.6700 424.3300
 65.0000 422.6700
Projective transformation matrix:
1002.1017  -36.5499   -0.0929
 -34.4813 1066.3373   -0.1033
  73.3300   89.6700    1.0000
Inverse matrix of projective transformation:
 0.0010  0.0000  0.0001
 0.0000  0.0009  0.0001
-0.0762 -0.0867  1.0000
This matrix is to be used in the demos.
=======================================
Self-check (1): Image -> Physical space
=======================================
Expected: u=73.33 v=89.67
Obtained: u=73.33 v=89.67
Expected: u=669.33 v=73
Obtained: u=669.33 v=73
Expected: u=680.67 v=424.33
Obtained: u=680.67 v=424.33
Expected: u=65 v=422.67
Obtained: u=65 v=422.67
=======================================
Self-check (2): Image -> Physical space
=======================================
Expected: u=73.33 v=89.67
Obtained: u=73.33 v=89.67
Expected: u=669.33 v=73
Obtained: u=669.33 v=73
Expected: u=680.67 v=424.33
Obtained: u=680.67 v=424.33
Expected: u=65 v=422.67
Obtained: u=65 v=422.67
=======================================
Self-check (3): Physical space -> Image
=======================================
Expected: x=0 y=0
Obtained: x=0 y=-1.3659e-17
Expected: x=0.56 y=0
Obtained: x=0.56 y=0
Expected: x=0.56 y=0.3
Obtained: x=0.56 y=0.3
Expected: x=0 y=0.3
Obtained: x=0 y=0.3
>> 
