mode_of_value_scaling(2)
mode_of_size_scaling(2)
base_height_of_graph(-1.7)
absolute_height_of_graph(1.7)
width_of_item(0.25)
number_of_items(38)
min_size(2631.0)
min_value(1)
max_date(date(2012,3,21))
max_value(383)
max_size(3646723.0)
min_date(date(1970,1,1))
item_number("ACE",1)
item_number("AILog2",2)
item_number("ALF",3)
item_number("Abreu",4)
item_number("Actor Prolog",5)
item_number("Amzi Prolog",6)
item_number("B-Prolog",7)
item_number("BinProlog",8)
item_number("Brain Aid Prolog",9)
item_number("Bry",10)
item_number("CIspace",11)
item_number("Carlsson",12)
item_number("Carro",13)
item_number("Ciao Prolog",14)
item_number("Clark",15)
item_number("Cohen",16)
item_number("Colmerauer",17)
item_number("Curry",18)
item_number("Dahl",19)
item_number("Davison",20)
item_number("Delzanno",21)
item_number("Demoen",22)
item_number("Dix",23)
item_number("Ducasse",24)
item_number("Dutra",25)
item_number("EZY Prolog",26)
item_number("Elf",27)
item_number("Eliens",28)
item_number("Epilog",29)
item_number("Ferreia",30)
item_number("GNU Prolog",31)
item_number("Goedel",32)
item_number("Guo",33)
item_number("Gupta",34)
item_number("Hermenegildo",35)
item_number("Huang",36)
item_number("Huntbach",37)
item_number("IF/Prolog",38)
