keyword(" 3D ")
keyword(" IDEF")
keyword(" actor")
keyword(".net")
keyword("Actor Prolog")
keyword("DNA")
keyword("ILP")
keyword("Internet agent")
keyword("JVM")
keyword("Java ")
keyword("Java3d")
keyword("NLP")
keyword("OOP")
keyword("RDF")
keyword("SADT")
keyword("VRML")
keyword("Web")
keyword("Web agent")
keyword("Web tool")
keyword("XML")
keyword("agent")
keyword("artificial intelligence")
keyword("compilation")
keyword("concurr")
keyword("constraints")
keyword("constructive negation")
keyword("coordination")
keyword("data mining")
keyword("debugging")
keyword("deductive database")
keyword("flow analysis")
keyword("formalism")
keyword("higher order")
keyword("inductive")
keyword("knowledge")
keyword("language")
keyword("linear logic")
keyword("memory management")
keyword("mobility")
keyword("modes")
keyword("modifiable reasoning")
keyword("molecular biology")
keyword("monad")
keyword("monotonic")
keyword("natural language")
keyword("object")
keyword("object-oriented")
keyword("parallel")
keyword("perturbation")
keyword("program analysis")
keyword("program transformation")
keyword("programming")
keyword("programming technique")
keyword("protein")
keyword("refinement")
keyword("semantic")
keyword("semantic Web")
keyword("semantic foundation")
keyword("software engineering")
keyword("speculative")
keyword("theory")
keyword("types")
keyword("validation")
keyword("verification")
keyword("virtual machine")
keyword("visual")
keyword("visual program")
