last_number_of_viewpoint_position(37)
vp(0,"Huntbach",2.13,-1.45,2.24)
vp(1,"Epilog",-2.37,-1.45,1.22)
vp(2,"Eliens",0.71,-1.45,1.09)
vp(3,"Demoen",2.3,-1.45,0.32)
vp(4,"ALF",0.64,-1.45,-2.12)
vp(5,"Hermenegildo",2.1,-0.84,1.99)
vp(6,"Goedel",2.17,-0.84,1.6)
vp(7,"GNU Prolog",-2.37,-0.84,1.47)
vp(8,"Elf",-2.37,-0.84,0.96)
vp(9,"Clark",1.71,-0.84,-0.58)
vp(10,"Brain Aid Prolog",-0.01,-0.84,-1.35)
vp(11,"Ferreia",2.32,-0.72,1.35)
vp(12,"ACE",-2.37,-0.72,-2.37)
vp(13,"Gupta",-2.37,-0.65,1.86)
vp(14,"EZY Prolog",1.35,-0.65,0.83)
vp(15,"Dutra",0.07,-0.65,0.7)
vp(16,"Delzanno",-2.37,-0.65,0.19)
vp(17,"Dix",-0.4,-0.59,0.45)
vp(18,"Carlsson",-2.37,-0.59,-0.96)
vp(19,"AILog2",2.31,-0.59,-2.25)
vp(20,"Ducasse",0.05,-0.54,0.58)
vp(21,"Colmerauer",-2.37,-0.54,-0.32)
vp(22,"Bry",2.35,-0.49,-1.22)
vp(23,"BinProlog",0.44,-0.49,-1.48)
vp(24,"Abreu",2.37,-0.49,-1.99)
vp(25,"Huang",2.16,-0.39,2.12)
vp(26,"Guo",2.25,-0.36,1.73)
vp(27,"Dahl",-2.37,-0.34,-0.07)
vp(28,"IF/Prolog",0.73,-0.27,2.37)
vp(29,"CIspace",2.15,-0.1,-1.09)
vp(30,"Carro",2.15,-0.02,-0.84)
vp(31,"Cohen",0.38,0.05,-0.45)
vp(32,"Ciao Prolog",2.37,0.12,-0.71)
vp(33,"Curry",2.37,0.2,-0.19)
vp(34,"Amzi Prolog",2.0,0.46,-1.73)
vp(35,"Davison",-2.37,0.61,0.06)
vp(36,"B-Prolog",2.37,0.78,-1.61)
vp(37,"Actor Prolog",0.65,1.7,-1.86)
